16:58:02 **** Incremental Build of configuration Debug for project Segger_Rtos ****
make -j4 all 
arm-none-eabi-gcc -o "Segger_Rtos.elf" @"objects.list"   -mcpu=cortex-m4 -T"/home/manjunath/stm/Segger_Rtos/STM32F446RETX_FLASH.ld" --specs=nosys.specs -Wl,-Map="Segger_Rtos.map" -Wl,--gc-sections -static --specs=nano.specs -mfpu=fpv4-sp-d16 -mfloat-abi=hard -mthumb -Wl,--start-group -lc -lm -Wl,--end-group
/opt/st/stm32cubeide_1.13.0/plugins/com.st.stm32cube.ide.mcu.externaltools.gnu-tools-for-stm32.11.3.rel1.linux64_1.1.0.202305231506/tools/bin/../lib/gcc/arm-none-eabi/11.3.1/../../../../arm-none-eabi/bin/ld: ./Core/Src/main.o: in function `main':
/home/manjunath/stm/Segger_Rtos/Debug/../Core/Src/main.c:97: undefined reference to `SEGGER_SYSVIEW_Conf'
/opt/st/stm32cubeide_1.13.0/plugins/com.st.stm32cube.ide.mcu.externaltools.gnu-tools-for-stm32.11.3.rel1.linux64_1.1.0.202305231506/tools/bin/../lib/gcc/arm-none-eabi/11.3.1/../../../../arm-none-eabi/bin/ld: /home/manjunath/stm/Segger_Rtos/Debug/../Core/Src/main.c:98: undefined reference to `SEGGER_SYSVIEW_Start'
/opt/st/stm32cubeide_1.13.0/plugins/com.st.stm32cube.ide.mcu.externaltools.gnu-tools-for-stm32.11.3.rel1.linux64_1.1.0.202305231506/tools/bin/../lib/gcc/arm-none-eabi/11.3.1/../../../../arm-none-eabi/bin/ld: /home/manjunath/stm/Segger_Rtos/Debug/../Core/Src/main.c:100: undefined reference to `xTaskCreate'
/opt/st/stm32cubeide_1.13.0/plugins/com.st.stm32cube.ide.mcu.externaltools.gnu-tools-for-stm32.11.3.rel1.linux64_1.1.0.202305231506/tools/bin/../lib/gcc/arm-none-eabi/11.3.1/../../../../arm-none-eabi/bin/ld: /home/manjunath/stm/Segger_Rtos/Debug/../Core/Src/main.c:103: undefined reference to `xTaskCreate'
/opt/st/stm32cubeide_1.13.0/plugins/com.st.stm32cube.ide.mcu.externaltools.gnu-tools-for-stm32.11.3.rel1.linux64_1.1.0.202305231506/tools/bin/../lib/gcc/arm-none-eabi/11.3.1/../../../../arm-none-eabi/bin/ld: /home/manjunath/stm/Segger_Rtos/Debug/../Core/Src/main.c:107: undefined reference to `vTaskStartScheduler'
collect2: error: ld returned 1 exit status
make: *** [makefile:64: Segger_Rtos.elf] Error 1
"make -j4 all" terminated with exit code 2. Build might be incomplete.

16:58:03 Build Failed. 7 errors, 0 warnings. (took 323ms)

